2019-02-22T12:12:49+00:00 Junes-MacBook-Pro.local#02 I: Start test all:1:Problem 2.1: merge3.
2019-02-22T12:12:49+00:00 Junes-MacBook-Pro.local#02 I: Test all:1:Problem 2.1: merge3 is successful.
2019-02-22T12:12:49+00:00 Junes-MacBook-Pro.local#02 I: End test all:1:Problem 2.1: merge3.
2019-02-22T12:12:49+00:00 Junes-MacBook-Pro.local#02 I: Start test all:3:Problem 2.2: flip_n.
2019-02-22T12:12:49+00:00 Junes-MacBook-Pro.local#02 I: Test all:3:Problem 2.2: flip_n is successful.
2019-02-22T12:12:49+00:00 Junes-MacBook-Pro.local#02 I: End test all:3:Problem 2.2: flip_n.
2019-02-22T12:12:49+00:00 Junes-MacBook-Pro.local#02 I: Start test all:5:Problem 2.2: block_sorti.
2019-02-22T12:12:49+00:00 Junes-MacBook-Pro.local#02 I: Test all:5:Problem 2.2: block_sorti is successful.
2019-02-22T12:12:49+00:00 Junes-MacBook-Pro.local#02 I: End test all:5:Problem 2.2: block_sorti.
2019-02-22T12:12:49+00:00 Junes-MacBook-Pro.local#02 I: Start test all:9:Problem 3.3: tailrec insert_i.
2019-02-22T12:12:49+00:00 Junes-MacBook-Pro.local#02 I: Test all:9:Problem 3.3: tailrec insert_i is successful.
2019-02-22T12:12:49+00:00 Junes-MacBook-Pro.local#02 I: End test all:9:Problem 3.3: tailrec insert_i.
2019-02-22T12:12:49+00:00 Junes-MacBook-Pro.local#02 I: Start test all:11:Problem 4.1: member.
2019-02-22T12:12:49+00:00 Junes-MacBook-Pro.local#02 I: Test all:11:Problem 4.1: member is successful.
2019-02-22T12:12:49+00:00 Junes-MacBook-Pro.local#02 I: End test all:11:Problem 4.1: member.
2019-02-22T12:12:49+00:00 Junes-MacBook-Pro.local#02 I: Start test all:12:Problem 4.2: skew.
2019-02-22T12:12:49+00:00 Junes-MacBook-Pro.local#02 I: Test all:12:Problem 4.2: skew is successful.
2019-02-22T12:12:49+00:00 Junes-MacBook-Pro.local#02 I: End test all:12:Problem 4.2: skew.
2019-02-22T12:12:49+00:00 Junes-MacBook-Pro.local#02 I: Start test all:13:Problem 4.2: split.
2019-02-22T12:12:49+00:00 Junes-MacBook-Pro.local#02 I: Test all:13:Problem 4.2: split is successful.
2019-02-22T12:12:49+00:00 Junes-MacBook-Pro.local#02 I: End test all:13:Problem 4.2: split.
